<?xml version="1.0" encoding="UTF-8"?>
<testng-results ignored="0" total="1" passed="1" failed="0" skipped="0">
  <reporter-output>
  </reporter-output>
  <suite started-at="2023-05-04T22:51:23 IST" name="Default suite" finished-at="2023-05-04T22:51:29 IST" duration-ms="6223">
    <groups>
    </groups>
    <test started-at="2023-05-04T22:51:23 IST" name="Default test" finished-at="2023-05-04T22:51:29 IST" duration-ms="6223">
      <class name="Headers.GetRqst">
        <test-method signature="getRequest()[pri:0, instance:Headers.GetRqst@25084a1e]" started-at="2023-05-04T22:51:23 IST" name="getRequest" finished-at="2023-05-04T22:51:29 IST" duration-ms="6138" status="PASS">
          <reporter-output>
          </reporter-output>
        </test-method> <!-- getRequest -->
      </class> <!-- Headers.GetRqst -->
    </test> <!-- Default test -->
  </suite> <!-- Default suite -->
</testng-results>
